<?xml version="1.0" encoding="UTF-8"?>
<!-- Generated by org.testng.reporters.JUnitReportReporter -->
<testsuite hostname="Keerthana" failures="0" tests="3" name="apipack.DynamicJson" time="2.959" errors="0" timestamp="2025-08-22T19:15:02 IST" skipped="0">
  <testcase classname="apipack.DynamicJson" name="addBook" time="0.359"/>
  <system-out/>
  <testcase classname="apipack.DynamicJson" name="addBook" time="2.247"/>
  <system-out/>
  <testcase classname="apipack.DynamicJson" name="addBook" time="0.353"/>
  <system-out/>
</testsuite> <!-- apipack.DynamicJson -->
