<?xml version="1.0" encoding="UTF-8"?>
<!-- Generated by org.testng.reporters.JUnitReportReporter -->
<testsuite hostname="Keerthana" failures="0" tests="1" name="apipack.SumValidation" time="1.196" errors="0" timestamp="2025-08-22T14:39:17 IST" skipped="0">
  <testcase classname="apipack.SumValidation" name="sumOfCourse" time="1.196"/>
  <system-out/>
</testsuite> <!-- apipack.SumValidation -->
